[07/10/2020 06:06:59] [Info] [registered] /more (Rocket.Unturned.Commands.CommandMore/more)
[07/10/2020 06:06:59] [Info] [registered] /admin (Rocket.Unturned.Commands.CommandAdmin/admin)
[07/10/2020 06:06:59] [Info] [registered] /broadcast (Rocket.Unturned.Commands.CommandBroadcast/broadcast)
[07/10/2020 06:06:59] [Info] [registered] /compass (Rocket.Unturned.Commands.CommandCompass/compass)
[07/10/2020 06:06:59] [Info] [registered] /effect (Rocket.Unturned.Commands.CommandEffect/effect)
[07/10/2020 06:06:59] [Info] [registered] /exit (Rocket.Unturned.Commands.CommandExit/exit)
[07/10/2020 06:06:59] [Info] [registered] /god (Rocket.Unturned.Commands.CommandGod/god)
[07/10/2020 06:06:59] [Info] [registered] /heal (Rocket.Unturned.Commands.CommandHeal/heal)
[07/10/2020 06:06:59] [Info] [registered] /help (Rocket.Unturned.Commands.CommandHelp/help)
[07/10/2020 06:06:59] [Info] [registered] /home (Rocket.Unturned.Commands.CommandHome/home)
[07/10/2020 06:06:59] [Info] [registered] /i (Rocket.Unturned.Commands.CommandI/i)
[07/10/2020 06:06:59] [Info] [registered] /item (Rocket.Unturned.Commands.CommandI/item)
[07/10/2020 06:06:59] [Info] [registered] /investigate (Rocket.Unturned.Commands.CommandInvestigate/investigate)
[07/10/2020 06:06:59] [Info] [registered] /p (Rocket.Unturned.Commands.CommandP/p)
[07/10/2020 06:06:59] [Info] [registered] /permissions (Rocket.Unturned.Commands.CommandP/permissions)
[07/10/2020 06:06:59] [Info] [registered] /rocket (Rocket.Unturned.Commands.CommandRocket/rocket)
[07/10/2020 06:06:59] [Info] [registered] /tp (Rocket.Unturned.Commands.CommandTp/tp)
[07/10/2020 06:06:59] [Info] [registered] /tphere (Rocket.Unturned.Commands.CommandTphere/tphere)
[07/10/2020 06:06:59] [Info] [registered] /unadmin (Rocket.Unturned.Commands.CommandUnadmin/unadmin)
[07/10/2020 06:06:59] [Info] [registered] /v (Rocket.Unturned.Commands.CommandV/v)
[07/10/2020 06:06:59] [Info] [registered] /vanish (Rocket.Unturned.Commands.CommandVanish/vanish)
[07/10/2020 06:06:59] [Info] Loading uEssentials from C:\Users\T-Gamer\Desktop\servidor\Servers\brasilunturned\Rocket\Plugins\uEssentials.dll
[07/10/2020 06:06:59] [Info] 
[loading] uEssentials
[07/10/2020 06:07:00] [Info] This server will automatically save every 1800 seconds
[07/10/2020 06:07:00] [Info] Steam servers ready!
[07/10/2020 06:07:00] [Info] Workshop install folder: C:\Users\T-Gamer\Desktop\servidor/Servers/brasilunturned/Workshop/Steam
[07/10/2020 06:07:00] [Info] 0 workshop item(s) requested
[07/10/2020 06:07:00] [Info] Loading level: 8%
[07/10/2020 06:07:01] [Info] Loading level: 16%
[07/10/2020 06:07:01] [Info] Loading level: 25%
[07/10/2020 06:07:01] [Info] Loading level: 33%
[07/10/2020 06:07:01] [Info] Loading level: 41%
[07/10/2020 06:07:01] [Info] Loading level: 50%
[07/10/2020 06:07:01] [Info] Loading level: 58%
[07/10/2020 06:07:01] [Info] Loading level: 66%
[07/10/2020 06:07:01] [Info] Loading level: 75%
[07/10/2020 06:07:01] [Info] Loading level: 83%
[07/10/2020 06:07:01] [Info] Loading level: 91%
[07/10/2020 06:07:40] [Info] Loading level: 100%
[07/10/2020 06:07:40] [Info] Connecting: PlayerID: 76561198056564553 Name: Lucas Dedador De Cu Character: Lu66cas
[07/10/2020 06:07:44] [Info] Broadcast: Lu66cas has joined the game.
[07/10/2020 06:07:44] [Info] [World] Lu66cas [Lucas Dedador De Cu]: "/kits"
[07/10/2020 06:07:49] [Info] [World] Lu66cas [Lucas Dedador De Cu]: "/kit default"
[07/10/2020 06:08:02] [Info] [World] Lu66cas [Lucas Dedador De Cu]: "/tpa"
[07/10/2020 06:08:05] [Info] [World] Lu66cas [Lucas Dedador De Cu]: "tp"
[07/10/2020 06:13:55] [Info] Broadcast: Lu66cas has killed themselves!
[07/10/2020 06:14:11] [Info] Lu66cas [Lucas Dedador De Cu] killed themself.
[07/10/2020 06:14:11] [Info] 
[unloading] uEssentials
