[07/10/2020 06:36:56] [Info] [registered] /more (Rocket.Unturned.Commands.CommandMore/more)
[07/10/2020 06:36:56] [Info] [registered] /admin (Rocket.Unturned.Commands.CommandAdmin/admin)
[07/10/2020 06:36:56] [Info] [registered] /broadcast (Rocket.Unturned.Commands.CommandBroadcast/broadcast)
[07/10/2020 06:36:56] [Info] [registered] /compass (Rocket.Unturned.Commands.CommandCompass/compass)
[07/10/2020 06:36:56] [Info] [registered] /effect (Rocket.Unturned.Commands.CommandEffect/effect)
[07/10/2020 06:36:56] [Info] [registered] /exit (Rocket.Unturned.Commands.CommandExit/exit)
[07/10/2020 06:36:56] [Info] [registered] /god (Rocket.Unturned.Commands.CommandGod/god)
[07/10/2020 06:36:56] [Info] [registered] /heal (Rocket.Unturned.Commands.CommandHeal/heal)
[07/10/2020 06:36:56] [Info] [registered] /help (Rocket.Unturned.Commands.CommandHelp/help)
[07/10/2020 06:36:56] [Info] [registered] /home (Rocket.Unturned.Commands.CommandHome/home)
[07/10/2020 06:36:56] [Info] [registered] /i (Rocket.Unturned.Commands.CommandI/i)
[07/10/2020 06:36:56] [Info] [registered] /item (Rocket.Unturned.Commands.CommandI/item)
[07/10/2020 06:36:56] [Info] [registered] /investigate (Rocket.Unturned.Commands.CommandInvestigate/investigate)
[07/10/2020 06:36:56] [Info] [registered] /p (Rocket.Unturned.Commands.CommandP/p)
[07/10/2020 06:36:56] [Info] [registered] /permissions (Rocket.Unturned.Commands.CommandP/permissions)
[07/10/2020 06:36:56] [Info] [registered] /rocket (Rocket.Unturned.Commands.CommandRocket/rocket)
[07/10/2020 06:36:56] [Info] [registered] /tp (Rocket.Unturned.Commands.CommandTp/tp)
[07/10/2020 06:36:56] [Info] [registered] /tphere (Rocket.Unturned.Commands.CommandTphere/tphere)
[07/10/2020 06:36:56] [Info] [registered] /unadmin (Rocket.Unturned.Commands.CommandUnadmin/unadmin)
[07/10/2020 06:36:56] [Info] [registered] /v (Rocket.Unturned.Commands.CommandV/v)
[07/10/2020 06:36:56] [Info] [registered] /vanish (Rocket.Unturned.Commands.CommandVanish/vanish)
[07/10/2020 06:36:56] [Info] Loading Kits from C:\Users\T-Gamer\Desktop\servidor\Servers\brasilunturned\Rocket\Plugins\Kits.dll
[07/10/2020 06:36:56] [Info] Loading uEssentials from C:\Users\T-Gamer\Desktop\servidor\Servers\brasilunturned\Rocket\Plugins\uEssentials.dll
[07/10/2020 06:36:56] [Info] 
[loading] Kits
[07/10/2020 06:36:56] [Info] [registered] /kits (fr34kyn01535.Kits.CommandKits/kits)
[07/10/2020 06:36:56] [Info] [registered] /kit (fr34kyn01535.Kits.CommandKit/kit)
[07/10/2020 06:36:56] [Info] Kits >> Optional dependency Uconomy is not present.
[07/10/2020 06:36:56] [Info] 
[loading] uEssentials
[07/10/2020 06:36:56] [Info] This server will automatically save every 1800 seconds
[07/10/2020 06:36:56] [Info] Steam servers ready!
[07/10/2020 06:36:57] [Info] Workshop install folder: C:\Users\T-Gamer\Desktop\servidor/Servers/brasilunturned/Workshop/Steam
[07/10/2020 06:36:57] [Info] 0 workshop item(s) requested
[07/10/2020 06:36:57] [Info] Loading level: 8%
[07/10/2020 06:36:58] [Info] Loading level: 16%
[07/10/2020 06:36:58] [Info] Loading level: 25%
[07/10/2020 06:36:58] [Info] Loading level: 33%
[07/10/2020 06:36:58] [Info] Loading level: 41%
[07/10/2020 06:36:58] [Info] Loading level: 50%
[07/10/2020 06:36:58] [Info] Loading level: 58%
[07/10/2020 06:36:58] [Info] Loading level: 66%
[07/10/2020 06:36:58] [Info] Loading level: 75%
[07/10/2020 06:36:58] [Info] Loading level: 83%
[07/10/2020 06:36:58] [Info] Loading level: 91%
[07/10/2020 06:37:19] [Info] Loading level: 100%
[07/10/2020 06:37:19] [Info] Connecting: PlayerID: 76561198056564553 Name: Lucas Dedador De Cu Character: Lu66cas
[07/10/2020 06:37:23] [Info] Broadcast: Lu66cas entrou no servidor.
[07/10/2020 06:37:23] [Info] Connecting: PlayerID: 76561198422477309 Name: Mzk' Character: Windows 10 The Origns
[07/10/2020 06:37:23] [Info] Broadcast: Windows 10 The Origns entrou no servidor.
[07/10/2020 06:37:26] [Info] [World] Lu66cas [Lucas Dedador De Cu]: "/unadmin lu66cas"
[07/10/2020 06:37:28] [Info] [World] Windows 10 The Origns [Mzk']: "/kit"
[07/10/2020 06:37:29] [Info] [World] Lu66cas [Lucas Dedador De Cu]: "aaa"
[07/10/2020 06:37:30] [Info] [World] Lu66cas [Lucas Dedador De Cu]: "/kit"
[07/10/2020 06:37:33] [Info] [World] Lu66cas [Lucas Dedador De Cu]: "/kits"
[07/10/2020 06:37:33] [Info] [World] Windows 10 The Origns [Mzk']: "/kit"
[07/10/2020 06:37:34] [Info] [World] Windows 10 The Origns [Mzk']: "/kits"
[07/10/2020 06:37:38] [Info] [World] Windows 10 The Origns [Mzk']: "/kit Survival"
[07/10/2020 06:37:39] [Info] [World] Lu66cas [Lucas Dedador De Cu]: "/kit survival"
[07/10/2020 06:37:42] [Info] [World] Lu66cas [Lucas Dedador De Cu]: "/tpa"
[07/10/2020 06:37:49] [Info] [World] Lu66cas [Lucas Dedador De Cu]: "/tpa windows"
[07/10/2020 06:37:57] [Info] [World] Windows 10 The Origns [Mzk']: "/tpa accept"
[07/10/2020 06:38:03] [Info] [World] Lu66cas [Lucas Dedador De Cu]: "/tpa windows"
[07/10/2020 06:38:06] [Info] [World] Windows 10 The Origns [Mzk']: "/tpa accept"
[07/10/2020 06:38:21] [Info] Broadcast: Windows 10 The Origns sangrou até a morte!
[07/10/2020 06:38:25] [Info] Windows 10 The Origns [Mzk'] bled to death!
[07/10/2020 06:38:25] [Info] Broadcast: Lu66cas sangrou até a morte!
[07/10/2020 06:38:25] [Info] Lu66cas [Lucas Dedador De Cu] bled to death!
[07/10/2020 06:38:25] [Info] [World] Windows 10 The Origns [Mzk']: "/kit survival"
[07/10/2020 06:38:31] [Info] [World] Lu66cas [Lucas Dedador De Cu]: "/kit survival"
[07/10/2020 06:38:32] [Info] [World] Lu66cas [Lucas Dedador De Cu]: "/kit admin"
[07/10/2020 06:38:32] [Warning] The player Lu66cas has no permission to execute the command kit
[07/10/2020 06:38:42] [Info] Successfully admined Lu66cas
[07/10/2020 06:38:45] [Info] [World] Lu66cas [Lucas Dedador De Cu]: "/kit admin"
[07/10/2020 06:38:51] [Info] [World] Windows 10 The Origns [Mzk']: "/kit ADMIN"
[07/10/2020 06:38:51] [Warning] The player Windows 10 The Origns has no permission to execute the command kit
[07/10/2020 06:39:10] [Info] [World] Lu66cas [Lucas Dedador De Cu]: "/admin windows"
[07/10/2020 06:39:34] [Info] [World] Windows 10 The Origns [Mzk']: "/kit admin"
[07/10/2020 06:40:22] [Info] [World] Windows 10 The Origns [Mzk']: "/tp lu66"
[07/10/2020 06:40:30] [Info] Broadcast: Windows 10 The Origns foi baleado na(o) coluna por Lu66cas!
[07/10/2020 06:40:34] [Info] Windows 10 The Origns [Mzk'] was shot in the torso by Lu66cas [Lucas Dedador De Cu]!
[07/10/2020 06:40:34] [Info] [World] Windows 10 The Origns [Mzk']: "/kit admin"
[07/10/2020 06:40:37] [Info] Broadcast: Lu66cas sangrou até a morte!
[07/10/2020 06:40:46] [Info] Lu66cas [Lucas Dedador De Cu] bled to death!
[07/10/2020 06:40:46] [Info] [World] Lu66cas [Lucas Dedador De Cu]: "BALEADO NA COLUNA"
[07/10/2020 06:40:49] [Info] [World] Lu66cas [Lucas Dedador De Cu]: "TOMOU GANK ?"
[07/10/2020 06:41:03] [Info] [World] Windows 10 The Origns [Mzk']: "nn"
[07/10/2020 06:41:15] [Info] [World] Lu66cas [Lucas Dedador De Cu]: "eu vou traduzir oq falta"
[07/10/2020 06:41:17] [Info] [World] Lu66cas [Lucas Dedador De Cu]: "se eu lembrar"
[07/10/2020 06:41:28] [Info] [World] Windows 10 The Origns [Mzk']: "dc crashou dushdushdus"
[07/10/2020 06:41:39] [Info] [World] Lu66cas [Lucas Dedador De Cu]: "sauhasuhashusauh"
[07/10/2020 06:41:41] [Info] [World] Lu66cas [Lucas Dedador De Cu]: "stonks"
[07/10/2020 06:42:08] [Info] [World] Windows 10 The Origns [Mzk']: "/tp lu66"
[07/10/2020 06:42:10] [Info] Broadcast: Lu66cas foi baleado na(o) cabeça por Windows 10 The Origns!
[07/10/2020 06:42:10] [Info] Lu66cas [Lucas Dedador De Cu] was shot in the head by Windows 10 The Origns [Mzk']!
[07/10/2020 06:42:16] [Info] [World] Windows 10 The Origns [Mzk']: "otario"
[07/10/2020 06:42:28] [Info] [World] Lu66cas [Lucas Dedador De Cu]: "KKKKKKKk"
[07/10/2020 06:42:30] [Info] [World] Lu66cas [Lucas Dedador De Cu]: "liguei 2 svr"
[07/10/2020 06:42:32] [Info] [World] Lu66cas [Lucas Dedador De Cu]: "ao mesmo tempo"
[07/10/2020 06:42:36] [Info] [World] Lu66cas [Lucas Dedador De Cu]: "por causa do outro monitor"
[07/10/2020 06:42:38] [Info] [World] Lu66cas [Lucas Dedador De Cu]: "entra logo dsc"
[07/10/2020 06:42:39] [Info] [World] Lu66cas [Lucas Dedador De Cu]: "krl"
[07/10/2020 06:43:03] [Info] [World] Windows 10 The Origns [Mzk']: "/tp lu66"
[07/10/2020 06:43:10] [Info] [World] Windows 10 The Origns [Mzk']: "me bate ai"
[07/10/2020 06:43:26] [Info] [World] Windows 10 The Origns [Mzk']: "/give 16 1"
[07/10/2020 06:43:26] [Info] Successfully gave Mzk' 16 x1!
[07/10/2020 06:43:33] [Info] [World] Windows 10 The Origns [Mzk']: "/give 15 1"
[07/10/2020 06:43:33] [Info] Successfully gave Mzk' 15 x1!
[07/10/2020 06:43:49] [Info] [World] Windows 10 The Origns [Mzk']: "/give 15 1"
[07/10/2020 06:43:49] [Info] Successfully gave Mzk' 15 x1!
[07/10/2020 06:43:59] [Info] Broadcast: Lu66cas foi baleado na(o) coluna por Windows 10 The Origns!
[07/10/2020 06:44:41] [Info] Lu66cas [Lucas Dedador De Cu] was shot in the torso by Windows 10 The Origns [Mzk']!
[07/10/2020 06:44:41] [Info] [World] Windows 10 The Origns [Mzk']: "/tp lu66"
[07/10/2020 06:45:01] [Info] [World] Windows 10 The Origns [Mzk']: "/give 4 1"
[07/10/2020 06:45:01] [Info] Successfully gave Mzk' 4 x1!
[07/10/2020 06:45:09] [Info] [World] Windows 10 The Origns [Mzk']: "/tp lu66"
[07/10/2020 06:45:12] [Info] [World] Windows 10 The Origns [Mzk']: "/tpa lu66"
[07/10/2020 06:45:16] [Info] [World] Windows 10 The Origns [Mzk']: "/tp lu66"
[07/10/2020 06:45:17] [Info] [World] Lu66cas [Lucas Dedador De Cu]: "/tpa accept"
[07/10/2020 06:45:47] [Info] [World] Windows 10 The Origns [Mzk']: "/give 116 1"
[07/10/2020 06:45:47] [Info] Successfully gave Mzk' 116 x1!
[07/10/2020 06:46:10] [Info] [World] Windows 10 The Origns [Mzk']: "/give 363"
[07/10/2020 06:46:10] [Info] Successfully gave Mzk' 363 x1!
[07/10/2020 06:46:30] [Info] [World] Lu66cas [Lucas Dedador De Cu]: "clear"
[07/10/2020 06:46:32] [Info] [World] Lu66cas [Lucas Dedador De Cu]: "/clear"
[07/10/2020 06:46:39] [Info] [World] Lu66cas [Lucas Dedador De Cu]: "/clear i 1"
[07/10/2020 06:46:43] [Info] [World] Windows 10 The Origns [Mzk']: "/give 23537"
[07/10/2020 06:46:43] [Error] Failed to find any item called 23537.
[07/10/2020 06:46:47] [Info] [World] Lu66cas [Lucas Dedador De Cu]: "/clear i 1"
[07/10/2020 06:46:53] [Info] [World] Windows 10 The Origns [Mzk']: "/clear"
[07/10/2020 06:46:54] [Info] [World] Lu66cas [Lucas Dedador De Cu]: "/clear i 1"
[07/10/2020 06:46:57] [Info] [World] Windows 10 The Origns [Mzk']: "/clear 1 i"
[07/10/2020 06:47:01] [Info] [World] Windows 10 The Origns [Mzk']: "/clear i 1"
[07/10/2020 06:47:04] [Info] [World] Windows 10 The Origns [Mzk']: "/clear i 1"
[07/10/2020 06:47:09] [Info] [World] Windows 10 The Origns [Mzk']: "/clear i all"
[07/10/2020 06:47:16] [Info] [World] Windows 10 The Origns [Mzk']: "/clear i 1000000"
[07/10/2020 06:47:32] [Info] [World] Windows 10 The Origns [Mzk']: "/give 146"
[07/10/2020 06:47:32] [Info] Successfully gave Mzk' 146 x1!
[07/10/2020 06:47:48] [Info] Broadcast: Lu66cas sangrou até a morte!
[07/10/2020 06:47:48] [Info] Lu66cas [Lucas Dedador De Cu] bled to death!
[07/10/2020 06:48:08] [Info] [World] Windows 10 The Origns [Mzk']: "/give 484"
[07/10/2020 06:48:08] [Info] Successfully gave Mzk' 484 x1!
[07/10/2020 06:48:13] [Info] [World] Lu66cas [Lucas Dedador De Cu]: "/tp windows"
[07/10/2020 06:48:30] [Info] [World] Windows 10 The Origns [Mzk']: "/give 484"
[07/10/2020 06:48:30] [Info] Successfully gave Mzk' 484 x1!
[07/10/2020 06:48:31] [Info] [World] Lu66cas [Lucas Dedador De Cu]: "/clear i 1"
[07/10/2020 06:48:38] [Info] [World] Lu66cas [Lucas Dedador De Cu]: "/ping"
[07/10/2020 06:48:43] [Info] [World] Windows 10 The Origns [Mzk']: "/ping"
[07/10/2020 06:48:51] [Info] Broadcast: Lu66cas foi baleado na(o) cabeça por Windows 10 The Origns!
[07/10/2020 06:48:51] [Info] Lu66cas [Lucas Dedador De Cu] was shot in the head by Windows 10 The Origns [Mzk']!
[07/10/2020 06:50:08] [Info] [World] Windows 10 The Origns [Mzk']: "/give 4101"
[07/10/2020 06:50:08] [Error] Failed to find any item called 4101.
[07/10/2020 06:50:14] [Info] [World] Windows 10 The Origns [Mzk']: "/give 4101"
[07/10/2020 06:50:14] [Error] Failed to find any item called 4101.
[07/10/2020 06:50:16] [Info] [World] Windows 10 The Origns [Mzk']: "aaa"
[07/10/2020 06:50:25] [Info] [World] Windows 10 The Origns [Mzk']: "/give 4097"
[07/10/2020 06:50:25] [Error] Failed to find any item called 4097.
[07/10/2020 06:50:35] [Info] [World] Windows 10 The Origns [Mzk']: "/give 18"
[07/10/2020 06:50:35] [Info] Successfully gave Mzk' 18 x1!
[07/10/2020 06:50:43] [Info] [World] Lu66cas [Lucas Dedador De Cu]: "aaa"
[07/10/2020 06:50:44] [Info] [World] Lu66cas [Lucas Dedador De Cu]: "aaa"
[07/10/2020 06:50:46] [Info] [World] Lu66cas [Lucas Dedador De Cu]: "ro"
[07/10/2020 06:50:52] [Info] [World] Lu66cas [Lucas Dedador De Cu]: "/tp windows"
[07/10/2020 06:51:25] [Info] Broadcast: Lu66cas foi baleado na(o) cabeça por Windows 10 The Origns!
[07/10/2020 06:51:25] [Info] Lu66cas [Lucas Dedador De Cu] was shot in the head by Windows 10 The Origns [Mzk']!
[07/10/2020 06:51:58] [Info] [World] Windows 10 The Origns [Mzk']: "/clear i 10000000"
[07/10/2020 06:52:05] [Info] [World] Windows 10 The Origns [Mzk']: "/warp seatle"
[07/10/2020 06:52:11] [Info] [World] Windows 10 The Origns [Mzk']: "/v 42"
[07/10/2020 06:52:17] [Info] [World] Windows 10 The Origns [Mzk']: "/clear"
[07/10/2020 06:52:22] [Info] [World] Windows 10 The Origns [Mzk']: "/clear ev 500000"
[07/10/2020 06:52:32] [Info] Broadcast: Lu66cas foi baleado na(o) cabeça por Windows 10 The Origns!
[07/10/2020 06:52:32] [Info] Lu66cas [Lucas Dedador De Cu] was shot in the head by Windows 10 The Origns [Mzk']!
[07/10/2020 06:54:01] [Info] [World] Lu66cas [Lucas Dedador De Cu]: "skybase"
[07/10/2020 06:55:23] [Info] [World] Windows 10 The Origns [Mzk']: "/kit admin"
[07/10/2020 06:55:47] [Info] [World] Lu66cas [Lucas Dedador De Cu]: "/rules"
[07/10/2020 06:55:52] [Info] Broadcast: Windows 10 The Origns se matou!
[07/10/2020 06:55:54] [Info] Windows 10 The Origns [Mzk'] killed themself.
[07/10/2020 06:55:54] [Info] [World] Lu66cas [Lucas Dedador De Cu]: "/unadmin lu66cas"
[07/10/2020 06:55:56] [Info] [World] Lu66cas [Lucas Dedador De Cu]: "/rules"
[07/10/2020 06:55:57] [Info] [World] Windows 10 The Origns [Mzk']: "/clear i 10000000"
[07/10/2020 06:55:59] [Info] [World] Lu66cas [Lucas Dedador De Cu]: "/rules"
[07/10/2020 06:56:00] [Info] [World] Windows 10 The Origns [Mzk']: "/kit admin"
[07/10/2020 06:56:05] [Info] [World] Windows 10 The Origns [Mzk']: "/regras"
[07/10/2020 06:56:48] [Info] [World] Windows 10 The Origns [Mzk']: "/kit admin"
[07/10/2020 06:57:13] [Info] [World] Windows 10 The Origns [Mzk']: "/give 1008"
[07/10/2020 06:57:13] [Info] Successfully gave Mzk' 1008 x1!
[07/10/2020 06:57:21] [Info] [World] Windows 10 The Origns [Mzk']: "/give 1008"
[07/10/2020 06:57:21] [Info] Successfully gave Mzk' 1008 x1!
[07/10/2020 06:58:38] [Info] [World] Windows 10 The Origns [Mzk']: "/god"
[07/10/2020 06:58:38] [Info] Windows 10 The Origns enabled Godmode
[07/10/2020 06:58:45] [Info] [World] Windows 10 The Origns [Mzk']: "/god"
[07/10/2020 06:58:45] [Info] Windows 10 The Origns disabled Godmode
[07/10/2020 06:58:48] [Info] [World] Windows 10 The Origns [Mzk']: "/tp lu66"
[07/10/2020 07:04:53] [Info] 
[unloading] uEssentials
